[2025-09-30 14:04:26] student=65 grade=grade5 schedule_sent_at=NULL paid_count=1 paid_sum=29500.00 due_threshold=28,500.00 attach=yes included=no
[2025-09-30 14:06:57] student=65 grade=grade4 schedule_sent_at=NULL paid_count=1 paid_sum=42000.00 due_threshold=21,140.00 attach=yes included=yes
[2025-09-30 14:08:18] student=65 grade=grade5 schedule_sent_at=NULL paid_count=1 paid_sum=21750.00 due_threshold=21,250.00 attach=yes included=no
[2025-09-30 14:18:55] student=65 grade=grade5 schedule_sent_at=NULL paid_count=1 paid_sum=29000.00 due_threshold=28,500.00 attach=yes included=yes
[2025-09-30 14:21:12] student=65 grade=grade5 schedule_sent_at=2025-09-30 20:19:02 paid_count=0 paid_sum=0.00 due_threshold=NULL attach=no included=no
[2025-09-30 14:23:06] student=65 grade=grade5 schedule_sent_at=NULL paid_count=2 paid_sum=43000.00 due_threshold=28,500.00 attach=yes included=yes
[2025-09-30 14:39:56] student=65 grade=grade5 schedule_sent_at=NULL paid_count=2 paid_sum=42500.00 due_threshold=28,500.00 attach=yes included=yes
[2025-09-30 14:40:43] student=65 grade=grade6 schedule_sent_at=NULL paid_count=1 paid_sum=21420.00 due_threshold=21,420.00 attach=yes included=yes
[2025-09-30 14:40:54] student=65 grade=grade6 schedule_sent_at=2025-09-30 20:40:47 paid_count=0 paid_sum=0.00 due_threshold=NULL attach=no included=no
[2025-09-30 14:41:59] student=65 grade=grade6 schedule_sent_at=2025-09-30 20:40:47 paid_count=0 paid_sum=0.00 due_threshold=NULL attach=no included=no
[2025-09-30 14:43:03] student=65 grade=grade6 schedule_sent_at=NULL paid_count=1 paid_sum=500.00 due_threshold=21,420.00 attach=no included=no
[2025-09-30 14:43:11] student=65 grade=grade6 schedule_sent_at=NULL paid_count=2 paid_sum=21920.00 due_threshold=21,420.00 attach=yes included=yes
[2025-09-30 15:27:03] student=65 grade=grade4 schedule_sent_at=NULL paid_count=1 paid_sum=21140.00 due_threshold=21,140.00 attach=yes included=yes
[2025-09-30 15:30:17] student=65 grade=grade4 schedule_sent_at=NULL paid_count=1 paid_sum=21140.00 due_threshold=21,140.00 attach=yes included=yes
[2025-09-30 15:32:42] student=65 grade=grade4 schedule_sent_at=2025-09-30 21:30:21 paid_count=0 paid_sum=0.00 due_threshold=NULL attach=no included=no
[2025-09-30 15:33:28] student=65 grade=grade5 schedule_sent_at=NULL paid_count=1 paid_sum=360.00 due_threshold=21,250.00 attach=no included=no
[2025-09-30 15:33:37] student=65 grade=grade5 schedule_sent_at=NULL paid_count=2 paid_sum=21610.00 due_threshold=21,250.00 attach=yes included=yes
[2025-10-02 16:33:48] student=67 grade=preprime1 schedule_sent_at=NULL paid_count=0 paid_sum=0.00 due_threshold=NULL attach=no included=no
[2025-10-02 17:09:37] student=67 grade=preprime1 schedule_sent_at=NULL paid_count=0 paid_sum=0.00 due_threshold=NULL attach=no included=no
[2025-10-02 17:11:25] student=67 grade=preprime1 schedule_sent_at=NULL paid_count=0 paid_sum=0.00 due_threshold=NULL attach=no included=no
[2025-10-02 17:21:45] student=67 grade=preprime1 schedule_sent_at=NULL paid_count=0 paid_sum=0.00 due_threshold=NULL attach=no included=no
[2025-10-02 17:27:35] student=67 grade=preprime1 schedule_sent_at=NULL paid_count=0 paid_sum=0.00 due_threshold=NULL attach=no included=no
[2025-10-02 17:32:11] student=67 grade=preprime2 schedule_sent_at=NULL paid_count=0 paid_sum=0.00 due_threshold=NULL attach=no included=no
[2025-10-02 17:36:09] student=67 grade=preprime2 schedule_sent_at=NULL paid_count=1 paid_sum=15140.00 due_threshold=14,720.00 attach=yes included=yes
[2025-10-02 17:51:46] student=67 grade=preprime2 schedule_sent_at=2025-10-02 23:36:22 paid_count=0 paid_sum=0.00 due_threshold=NULL attach=no included=no
[2025-10-02 17:56:58] student=67 grade=preprime2 schedule_sent_at=NULL paid_count=1 paid_sum=12860.00 due_threshold=14,720.00 attach=no included=no
[2025-10-02 18:00:28] student=67 grade=preprime2 schedule_sent_at=NULL paid_count=1 paid_sum=14720.00 due_threshold=14,720.00 attach=yes included=yes
[2025-10-07 07:44:30] student=68 grade=grade1 schedule_sent_at=NULL paid_count=1 paid_sum=19920.00 due_threshold=19,920.00 attach=yes included=yes
[2025-10-07 09:17:43] student=68 grade=grade2 schedule_sent_at=NULL paid_count=1 paid_sum=20580.00 due_threshold=16,100.00 attach=yes included=yes
[2025-10-07 09:18:00] student=68 grade=grade2 schedule_sent_at=2025-10-07 15:17:47 paid_count=0 paid_sum=0.00 due_threshold=NULL attach=no included=no
[2025-10-07 09:18:15] student=68 grade=grade2 schedule_sent_at=2025-10-07 15:17:47 paid_count=0 paid_sum=0.00 due_threshold=NULL attach=no included=no
[2025-10-07 10:34:07] student=68 grade=grade4 schedule_sent_at=2025-10-07 15:17:47 paid_count=0 paid_sum=0.00 due_threshold=NULL attach=no included=no
[2025-10-07 10:34:23] student=68 grade=grade4 schedule_sent_at=2025-10-07 15:17:47 paid_count=0 paid_sum=0.00 due_threshold=NULL attach=no included=no
[2025-10-07 10:35:21] student=68 grade=grade4 schedule_sent_at=2025-10-07 15:17:47 paid_count=0 paid_sum=0.00 due_threshold=NULL attach=no included=no
[2025-10-07 10:53:54] student=68 grade=grade5 schedule_sent_at=NULL paid_count=1 paid_sum=42500.00 due_threshold=17,240.00 attach=yes included=yes
[2025-10-07 10:54:23] student=68 grade=grade5 schedule_sent_at=2025-10-07 16:53:58 paid_count=0 paid_sum=0.00 due_threshold=NULL attach=no included=no
[2025-10-07 10:58:17] student=68 grade=grade4 schedule_sent_at=NULL paid_count=1 paid_sum=41750.00 due_threshold=41,750.00 attach=yes included=yes
[2025-10-07 11:04:54] student=68 grade=grade4 schedule_sent_at=NULL paid_count=1 paid_sum=41750.00 due_threshold=41,750.00 attach=yes included=yes
[2025-10-07 11:05:50] student=68 grade=grade5 schedule_sent_at=NULL paid_count=1 paid_sum=28500.00 due_threshold=28,500.00 attach=yes included=yes
[2025-10-07 11:06:06] student=68 grade=grade5 schedule_sent_at=2025-10-07 17:05:53 paid_count=0 paid_sum=0.00 due_threshold=NULL attach=no included=no
[2025-10-07 11:07:21] student=68 grade=grade6 schedule_sent_at=NULL paid_count=1 paid_sum=21920.00 due_threshold=21,420.00 attach=yes included=yes
[2025-10-07 11:11:50] student=68 grade=grade4 schedule_sent_at=NULL paid_count=1 paid_sum=41750.00 due_threshold=41,750.00 attach=yes included=yes
[2025-10-07 11:13:43] student=68 grade=grade4 schedule_sent_at=NULL paid_count=1 paid_sum=41750.00 due_threshold=41,750.00 attach=yes included=yes
[2025-10-08 08:25:40] student=68 grade=grade4 schedule_sent_at=NULL paid_count=1 paid_sum=41750.00 due_threshold=41,750.00 attach=yes included=yes
[2025-10-08 08:34:16] student=68 grade=grade4 schedule_sent_at=NULL paid_count=1 paid_sum=41750.00 due_threshold=41,750.00 attach=yes included=yes
[2025-10-08 08:37:03] student=68 grade=grade5 schedule_sent_at=NULL paid_count=1 paid_sum=42000.00 due_threshold=42,250.00 attach=no included=no
[2025-10-08 08:37:30] student=68 grade=grade5 schedule_sent_at=NULL paid_count=2 paid_sum=42250.00 due_threshold=42,250.00 attach=yes included=yes
[2025-10-08 08:39:22] student=68 grade=grade6 schedule_sent_at=NULL paid_count=1 paid_sum=21420.00 due_threshold=21,420.00 attach=yes included=yes
[2025-10-08 09:55:05] student=68 grade=grade6 schedule_sent_at=2025-10-08 14:39:26 paid_count=0 paid_sum=0.00 due_threshold=NULL attach=no included=no
[2025-10-08 13:52:05] student=68 grade=grade6 schedule_sent_at=2025-10-08 14:39:26 paid_count=0 paid_sum=0.00 due_threshold=NULL attach=no included=no
[2025-10-08 14:26:10] student=70 grade=grade1 schedule_sent_at=NULL paid_count=1 paid_sum=19920.00 due_threshold=19,920.00 attach=yes included=yes
[2025-10-08 14:33:12] student=70 grade=grade1 schedule_sent_at=2025-10-08 20:26:14 paid_count=0 paid_sum=0.00 due_threshold=NULL attach=no included=no
[2025-10-08 14:33:29] student=70 grade=grade1 schedule_sent_at=2025-10-08 20:26:14 paid_count=0 paid_sum=0.00 due_threshold=NULL attach=no included=no
[2025-10-08 14:36:22] student=70 grade=grade2 schedule_sent_at=NULL paid_count=1 paid_sum=40300.00 due_threshold=39,800.00 attach=yes included=yes
[2025-10-08 14:40:25] student=70 grade=grade3 schedule_sent_at=NULL paid_count=1 paid_sum=40300.00 due_threshold=40,300.00 attach=yes included=yes
[2025-10-08 14:42:49] student=70 grade=grade4 schedule_sent_at=NULL paid_count=1 paid_sum=21140.00 due_threshold=21,140.00 attach=yes included=yes
[2025-10-09 06:52:19] student=68 grade=grade6 schedule_sent_at=2025-10-08 14:39:26 paid_count=0 paid_sum=0.00 due_threshold=NULL attach=no included=no
[2025-10-10 06:29:49] student=68 grade=grade6 schedule_sent_at=2025-10-08 14:39:26 paid_count=0 paid_sum=0.00 due_threshold=NULL attach=no included=no
[2025-10-10 06:30:09] student=72 grade=grade1 schedule_sent_at=NULL paid_count=1 paid_sum=39800.00 due_threshold=39,800.00 attach=yes included=yes
[2025-10-10 06:52:51] student=72 grade=grade1 schedule_sent_at=NULL paid_count=1 paid_sum=39800.00 due_threshold=39,800.00 attach=yes included=yes
[2025-10-10 07:03:13] student=72 grade=grade1 schedule_sent_at=NULL paid_count=2 paid_sum=79600.00 due_threshold=39,800.00 attach=yes included=yes
[2025-10-10 07:06:50] student=72 grade=grade1 schedule_sent_at=NULL paid_count=2 paid_sum=79600.00 due_threshold=39,800.00 attach=yes included=yes
[2025-10-10 16:05:35] student=73 grade=grade1 schedule_sent_at=NULL paid_count=1 paid_sum=19920.00 due_threshold=19,920.00 attach=yes included=yes
[2025-10-10 16:51:28] student=68 grade=grade6 schedule_sent_at=NULL paid_count=5 paid_sum=43500.00 due_threshold=21,420.00 attach=yes included=yes
[2025-10-10 17:49:37] student=68 grade=grade7 schedule_sent_at=NULL paid_count=1 paid_sum=16620.00 due_threshold=16,620.00 attach=yes included=no
[2025-10-10 18:05:30] student=74 grade=grade1 schedule_sent_at=NULL paid_count=1 paid_sum=19920.00 due_threshold=19,920.00 attach=yes included=yes
[2025-10-10 18:23:20] student=76 grade=grade1 schedule_sent_at=NULL paid_count=1 paid_sum=19920.00 due_threshold=19,920.00 attach=yes included=yes
[2025-10-10 18:28:05] student=77 grade=grade1 schedule_sent_at=NULL paid_count=1 paid_sum=19920.00 due_threshold=19,920.00 attach=yes included=yes
[2025-10-10 18:31:57] student=77 grade=grade1 schedule_sent_at=2025-10-11 00:28:09 paid_count=0 paid_sum=0.00 due_threshold=NULL attach=no included=no
[2025-10-10 18:35:12] student=77 grade=grade1 schedule_sent_at=NULL paid_count=1 paid_sum=19920.00 due_threshold=19,920.00 attach=yes included=yes
[2025-10-10 18:38:21] student=77 grade=grade1 schedule_sent_at=NULL paid_count=1 paid_sum=19920.00 due_threshold=19,920.00 attach=yes included=yes
[2025-10-10 18:48:05] student=78 grade=grade1 schedule_sent_at=NULL paid_count=1 paid_sum=19920.00 due_threshold=19,920.00 attach=yes included=yes
[2025-10-10 18:52:26] student=78 grade=grade1 schedule_sent_at=NULL paid_count=1 paid_sum=19920.00 due_threshold=19,920.00 attach=yes included=yes
[2025-10-10 18:53:35] student=78 grade=grade1 schedule_sent_at=NULL paid_count=1 paid_sum=19920.00 due_threshold=19,920.00 attach=yes included=yes
[2025-10-10 18:54:30] student=79 grade=grade1 schedule_sent_at=NULL paid_count=2 paid_sum=20000.00 due_threshold=19,920.00 attach=yes included=yes
[2025-10-10 18:59:04] student=79 grade=grade1 schedule_sent_at=NULL paid_count=1 paid_sum=19920.00 due_threshold=19,920.00 attach=yes included=yes
[2025-10-10 19:00:35] student=80 grade=grade1 schedule_sent_at=NULL paid_count=2 paid_sum=20000.00 due_threshold=19,920.00 attach=yes included=yes
[2025-10-10 19:02:49] student=80 grade=grade1 schedule_sent_at=NULL paid_count=1 paid_sum=19920.00 due_threshold=19,920.00 attach=yes included=yes
[2025-10-10 19:07:17] student=81 grade=grade1 schedule_sent_at=NULL paid_count=1 paid_sum=19920.00 due_threshold=19,920.00 attach=yes included=yes
[2025-10-10 19:10:37] student=82 grade=grade1 schedule_sent_at=NULL paid_count=1 paid_sum=19920.00 due_threshold=19,920.00 attach=yes included=yes
[2025-10-11 08:09:21] student=83 grade=grade1 schedule_sent_at=NULL paid_count=1 paid_sum=19920.00 due_threshold=19,920.00 attach=yes included=yes
[2025-10-11 08:31:37] student=83 grade=grade1 schedule_sent_at=NULL paid_count=1 paid_sum=19920.00 due_threshold=19,920.00 attach=yes included=yes
[2025-10-11 08:48:36] student=83 grade=grade1 schedule_sent_at=NULL paid_count=2 paid_sum=40920.00 due_threshold=19,920.00 attach=yes included=yes
[2025-10-11 09:22:20] student=83 grade=grade1 schedule_sent_at=NULL paid_count=2 paid_sum=40920.00 due_threshold=16,100.00 attach=yes included=yes
[2025-10-11 09:24:25] student=83 grade=grade1 schedule_sent_at=2025-10-11 15:22:24 paid_count=0 paid_sum=0.00 due_threshold=NULL attach=no included=no
[2025-10-11 09:32:30] student=83 grade=grade1 schedule_sent_at=NULL paid_count=3 paid_sum=40920.00 due_threshold=16,100.00 attach=yes included=yes
[2025-10-11 09:34:00] student=83 grade=grade1 schedule_sent_at=NULL paid_count=1 paid_sum=26750.00 due_threshold=26,750.00 attach=yes included=yes
[2025-10-11 09:34:45] student=83 grade=grade1 schedule_sent_at=NULL paid_count=3 paid_sum=46750.00 due_threshold=16,100.00 attach=yes included=yes
[2025-10-11 09:36:40] student=83 grade=grade1 schedule_sent_at=NULL paid_count=1 paid_sum=19920.00 due_threshold=19,920.00 attach=yes included=yes
[2025-10-11 09:37:11] student=83 grade=grade2 schedule_sent_at=NULL paid_count=1 paid_sum=22000.00 due_threshold=16,100.00 attach=yes included=yes
[2025-10-11 09:37:26] student=83 grade=grade2 schedule_sent_at=2025-10-11 15:37:15 paid_count=0 paid_sum=0.00 due_threshold=NULL attach=no included=no
[2025-10-11 09:37:48] student=83 grade=grade2 schedule_sent_at=2025-10-11 15:37:15 paid_count=0 paid_sum=0.00 due_threshold=NULL attach=no included=no
[2025-10-11 09:38:00] student=83 grade=grade2 schedule_sent_at=2025-10-11 15:37:15 paid_count=0 paid_sum=0.00 due_threshold=NULL attach=no included=no
[2025-10-11 09:39:51] student=83 grade=grade2 schedule_sent_at=2025-10-11 15:37:15 paid_count=0 paid_sum=0.00 due_threshold=NULL attach=no included=no
[2025-10-11 10:02:49] student=83 grade=grade2 schedule_sent_at=2025-10-11 15:37:15 paid_count=0 paid_sum=0.00 due_threshold=NULL attach=no included=no
[2025-10-11 10:03:58] student=83 grade=grade3 schedule_sent_at=NULL paid_count=1 paid_sum=16120.00 due_threshold=16,120.00 attach=yes included=yes
[2025-10-11 10:15:15] student=68 grade=preprime1 schedule_sent_at=NULL paid_count=1 paid_sum=15140.00 due_threshold=14,720.00 attach=yes included=yes
[2025-10-11 10:24:00] student=68 grade=grade6 schedule_sent_at=NULL paid_count=6 paid_sum=86250.00 due_threshold=42,750.00 attach=yes included=yes
[2025-10-11 10:26:16] student=68 grade=preprime1 schedule_sent_at=NULL paid_count=1 paid_sum=19250.00 due_threshold=14,720.00 attach=yes included=yes
[2025-10-11 10:28:56] student=68 grade=preprime2 schedule_sent_at=NULL paid_count=1 paid_sum=20000.00 due_threshold=14,720.00 attach=yes included=yes
[2025-10-11 10:29:11] student=68 grade=preprime2 schedule_sent_at=2025-10-11 16:29:00 paid_count=0 paid_sum=0.00 due_threshold=NULL attach=no included=no
[2025-10-11 10:55:47] student=68 grade=preprime2 schedule_sent_at=NULL paid_count=1 paid_sum=8250.00 due_threshold=14,720.00 attach=no included=no
[2025-10-11 10:56:17] student=68 grade=preprime2 schedule_sent_at=NULL paid_count=2 paid_sum=34750.00 due_threshold=14,720.00 attach=yes included=yes
[2025-10-11 11:04:58] student=68 grade=preprime2 schedule_sent_at=NULL paid_count=1 paid_sum=8250.00 due_threshold=14,720.00 attach=no included=no
[2025-10-11 11:05:11] student=68 grade=preprime2 schedule_sent_at=NULL paid_count=2 paid_sum=23390.00 due_threshold=14,720.00 attach=yes included=yes
[2025-10-11 13:07:37] student=68 grade=preprime2 schedule_sent_at=NULL paid_count=1 paid_sum=8250.00 due_threshold=14,720.00 attach=no included=no
[2025-10-11 13:07:50] student=68 grade=preprime2 schedule_sent_at=NULL paid_count=2 paid_sum=27500.00 due_threshold=14,720.00 attach=yes included=yes
[2025-10-11 14:06:28] student=68 grade=preprime2 schedule_sent_at=NULL paid_count=1 paid_sum=27500.00 due_threshold=14,720.00 attach=yes included=yes
[2025-10-11 14:07:41] student=68 grade=preprime2 schedule_sent_at=NULL paid_count=1 paid_sum=15140.00 due_threshold=14,720.00 attach=yes included=yes
[2025-10-11 14:08:36] student=68 grade=kindergarten schedule_sent_at=NULL paid_count=1 paid_sum=20000.00 due_threshold=14,840.00 attach=yes included=yes
[2025-10-11 14:08:49] student=68 grade=kindergarten schedule_sent_at=2025-10-11 20:08:40 paid_count=0 paid_sum=0.00 due_threshold=NULL attach=no included=no
[2025-10-11 14:09:01] student=68 grade=kindergarten schedule_sent_at=2025-10-11 20:08:40 paid_count=0 paid_sum=0.00 due_threshold=NULL attach=no included=no
[2025-10-11 14:15:17] student=68 grade=kindergarten schedule_sent_at=NULL paid_count=1 paid_sum=12360.00 due_threshold=14,840.00 attach=no included=no
[2025-10-11 14:16:22] student=68 grade=kindergarten schedule_sent_at=NULL paid_count=2 paid_sum=39360.00 due_threshold=14,840.00 attach=yes included=yes
[2025-10-11 14:18:12] student=68 grade=kindergarten schedule_sent_at=NULL paid_count=1 paid_sum=19500.00 due_threshold=14,840.00 attach=yes included=yes
[2025-10-11 14:18:45] student=68 grade=grade1 schedule_sent_at=NULL paid_count=1 paid_sum=30000.00 due_threshold=19,920.00 attach=yes included=yes
[2025-10-11 14:55:52] student=68 grade=grade2 schedule_sent_at=NULL paid_count=1 paid_sum=26600.00 due_threshold=16,100.00 attach=yes included=yes
[2025-10-11 15:14:46] student=68 grade=grade2 schedule_sent_at=2025-10-11 20:55:57 paid_count=0 paid_sum=0.00 due_threshold=NULL attach=no included=no
[2025-10-11 15:16:57] student=68 grade=grade2 schedule_sent_at=2025-10-11 20:55:57 paid_count=0 paid_sum=0.00 due_threshold=NULL attach=no included=no
[2025-10-11 15:21:26] student=68 grade=grade2 schedule_sent_at=2025-10-11 20:55:57 paid_count=0 paid_sum=0.00 due_threshold=NULL attach=no included=no
[2025-10-11 15:26:12] student=68 grade=grade2 schedule_sent_at=2025-10-11 20:55:57 paid_count=0 paid_sum=0.00 due_threshold=NULL attach=no included=no
[2025-10-11 15:27:21] student=68 grade=grade2 schedule_sent_at=2025-10-11 20:55:57 paid_count=0 paid_sum=0.00 due_threshold=NULL attach=no included=no
[2025-10-11 15:27:43] student=68 grade=grade2 schedule_sent_at=2025-10-11 20:55:57 paid_count=0 paid_sum=0.00 due_threshold=NULL attach=no included=no
[2025-10-11 16:02:45] student=84 grade=grade11 schedule_sent_at=NULL paid_count=1 paid_sum=0.00 due_threshold=0.00 attach=yes included=no
[2025-10-11 16:50:17] student=84 grade=grade11 schedule_sent_at=NULL paid_count=2 paid_sum=0.00 due_threshold=0.00 attach=yes included=yes
